<?xml version="1.0" encoding="UTF-8"?>
<testsuite xmlns:xsi="http://www.w3.org/2001/XMLSchema-instance" xsi:noNamespaceSchemaLocation="https://maven.apache.org/surefire/maven-surefire-plugin/xsd/surefire-test-report-3.0.xsd" version="3.0" name="TestSuite" time="10.378" tests="2" errors="0" skipped="0" failures="0">
  <properties>
    <property name="java.specification.version" value="17"/>
    <property name="sun.cpu.isalist" value="amd64"/>
    <property name="sun.jnu.encoding" value="Cp1252"/>
    <property name="java.class.path" value="F:\Rest_Assured_API_Automation\RestAssuredAssignment\target\test-classes;F:\Rest_Assured_API_Automation\RestAssuredAssignment\target\classes;C:\Users\ahmed\.m2\repository\io\rest-assured\rest-assured\4.5.0\rest-assured-4.5.0.jar;C:\Users\ahmed\.m2\repository\org\codehaus\groovy\groovy\3.0.9\groovy-3.0.9.jar;C:\Users\ahmed\.m2\repository\org\codehaus\groovy\groovy-xml\3.0.9\groovy-xml-3.0.9.jar;C:\Users\ahmed\.m2\repository\org\apache\httpcomponents\httpclient\4.5.13\httpclient-4.5.13.jar;C:\Users\ahmed\.m2\repository\org\apache\httpcomponents\httpcore\4.4.13\httpcore-4.4.13.jar;C:\Users\ahmed\.m2\repository\commons-logging\commons-logging\1.2\commons-logging-1.2.jar;C:\Users\ahmed\.m2\repository\commons-codec\commons-codec\1.11\commons-codec-1.11.jar;C:\Users\ahmed\.m2\repository\org\apache\httpcomponents\httpmime\4.5.13\httpmime-4.5.13.jar;C:\Users\ahmed\.m2\repository\org\hamcrest\hamcrest\2.1\hamcrest-2.1.jar;C:\Users\ahmed\.m2\repository\org\ccil\cowan\tagsoup\tagsoup\1.2.1\tagsoup-1.2.1.jar;C:\Users\ahmed\.m2\repository\io\rest-assured\json-path\4.5.0\json-path-4.5.0.jar;C:\Users\ahmed\.m2\repository\org\codehaus\groovy\groovy-json\3.0.9\groovy-json-3.0.9.jar;C:\Users\ahmed\.m2\repository\io\rest-assured\rest-assured-common\4.5.0\rest-assured-common-4.5.0.jar;C:\Users\ahmed\.m2\repository\io\rest-assured\xml-path\4.5.0\xml-path-4.5.0.jar;C:\Users\ahmed\.m2\repository\org\apache\commons\commons-lang3\3.11\commons-lang3-3.11.jar;C:\Users\ahmed\.m2\repository\org\testng\testng\7.4.0\testng-7.4.0.jar;C:\Users\ahmed\.m2\repository\com\beust\jcommander\1.78\jcommander-1.78.jar;C:\Users\ahmed\.m2\repository\org\webjars\jquery\3.5.1\jquery-3.5.1.jar;C:\Users\ahmed\.m2\repository\org\assertj\assertj-core\3.22.0\assertj-core-3.22.0.jar;C:\Users\ahmed\.m2\repository\org\projectlombok\lombok\1.18.20\lombok-1.18.20.jar;C:\Users\ahmed\.m2\repository\io\rest-assured\json-schema-validator\4.5.0\json-schema-validator-4.5.0.jar;C:\Users\ahmed\.m2\repository\com\github\java-json-tools\json-schema-validator\2.2.14\json-schema-validator-2.2.14.jar;C:\Users\ahmed\.m2\repository\com\google\guava\guava\28.2-android\guava-28.2-android.jar;C:\Users\ahmed\.m2\repository\com\google\guava\failureaccess\1.0.1\failureaccess-1.0.1.jar;C:\Users\ahmed\.m2\repository\com\google\guava\listenablefuture\9999.0-empty-to-avoid-conflict-with-guava\listenablefuture-9999.0-empty-to-avoid-conflict-with-guava.jar;C:\Users\ahmed\.m2\repository\org\checkerframework\checker-compat-qual\2.5.5\checker-compat-qual-2.5.5.jar;C:\Users\ahmed\.m2\repository\com\google\errorprone\error_prone_annotations\2.3.4\error_prone_annotations-2.3.4.jar;C:\Users\ahmed\.m2\repository\com\google\j2objc\j2objc-annotations\1.3\j2objc-annotations-1.3.jar;C:\Users\ahmed\.m2\repository\com\github\java-json-tools\jackson-coreutils-equivalence\1.0\jackson-coreutils-equivalence-1.0.jar;C:\Users\ahmed\.m2\repository\com\fasterxml\jackson\core\jackson-databind\2.11.0\jackson-databind-2.11.0.jar;C:\Users\ahmed\.m2\repository\com\fasterxml\jackson\core\jackson-annotations\2.11.0\jackson-annotations-2.11.0.jar;C:\Users\ahmed\.m2\repository\com\fasterxml\jackson\core\jackson-core\2.11.0\jackson-core-2.11.0.jar;C:\Users\ahmed\.m2\repository\com\github\java-json-tools\jackson-coreutils\2.0\jackson-coreutils-2.0.jar;C:\Users\ahmed\.m2\repository\com\github\java-json-tools\msg-simple\1.2\msg-simple-1.2.jar;C:\Users\ahmed\.m2\repository\com\github\java-json-tools\btf\1.3\btf-1.3.jar;C:\Users\ahmed\.m2\repository\com\github\java-json-tools\json-schema-core\1.2.14\json-schema-core-1.2.14.jar;C:\Users\ahmed\.m2\repository\com\github\java-json-tools\uri-template\0.10\uri-template-0.10.jar;C:\Users\ahmed\.m2\repository\org\mozilla\rhino\1.7.7.2\rhino-1.7.7.2.jar;C:\Users\ahmed\.m2\repository\com\sun\mail\mailapi\1.6.2\mailapi-1.6.2.jar;C:\Users\ahmed\.m2\repository\joda-time\joda-time\2.10.5\joda-time-2.10.5.jar;C:\Users\ahmed\.m2\repository\com\googlecode\libphonenumber\libphonenumber\8.11.1\libphonenumber-8.11.1.jar;C:\Users\ahmed\.m2\repository\com\google\code\findbugs\jsr305\3.0.2\jsr305-3.0.2.jar;C:\Users\ahmed\.m2\repository\net\sf\jopt-simple\jopt-simple\5.0.4\jopt-simple-5.0.4.jar;C:\Users\ahmed\.m2\repository\com\aventstack\extentreports\5.0.5\extentreports-5.0.5.jar;C:\Users\ahmed\.m2\repository\io\reactivex\rxjava3\rxjava\3.0.4\rxjava-3.0.4.jar;C:\Users\ahmed\.m2\repository\org\reactivestreams\reactive-streams\1.0.3\reactive-streams-1.0.3.jar;C:\Users\ahmed\.m2\repository\org\freemarker\freemarker\2.3.30\freemarker-2.3.30.jar;C:\Users\ahmed\.m2\repository\com\google\code\gson\gson\2.8.6\gson-2.8.6.jar;"/>
    <property name="java.vm.vendor" value="Oracle Corporation"/>
    <property name="sun.arch.data.model" value="64"/>
    <property name="user.variant" value=""/>
    <property name="java.vendor.url" value="https://java.oracle.com/"/>
    <property name="user.timezone" value="Asia/Calcutta"/>
    <property name="os.name" value="Windows 10"/>
    <property name="java.vm.specification.version" value="17"/>
    <property name="sun.java.launcher" value="SUN_STANDARD"/>
    <property name="user.country" value="IN"/>
    <property name="sun.boot.library.path" value="C:\Program Files\Java\jdk-17.0.2\bin"/>
    <property name="sun.java.command" value="C:\Users\ahmed\AppData\Local\Temp\surefire546834548996131934\surefirebooter9660180752286449682.jar C:\Users\ahmed\AppData\Local\Temp\surefire546834548996131934 2022-01-25T00-14-37_205-jvmRun1 surefire975755119022177190tmp surefire_05374218632306638930tmp"/>
    <property name="jdk.debug" value="release"/>
    <property name="surefire.test.class.path" value="F:\Rest_Assured_API_Automation\RestAssuredAssignment\target\test-classes;F:\Rest_Assured_API_Automation\RestAssuredAssignment\target\classes;C:\Users\ahmed\.m2\repository\io\rest-assured\rest-assured\4.5.0\rest-assured-4.5.0.jar;C:\Users\ahmed\.m2\repository\org\codehaus\groovy\groovy\3.0.9\groovy-3.0.9.jar;C:\Users\ahmed\.m2\repository\org\codehaus\groovy\groovy-xml\3.0.9\groovy-xml-3.0.9.jar;C:\Users\ahmed\.m2\repository\org\apache\httpcomponents\httpclient\4.5.13\httpclient-4.5.13.jar;C:\Users\ahmed\.m2\repository\org\apache\httpcomponents\httpcore\4.4.13\httpcore-4.4.13.jar;C:\Users\ahmed\.m2\repository\commons-logging\commons-logging\1.2\commons-logging-1.2.jar;C:\Users\ahmed\.m2\repository\commons-codec\commons-codec\1.11\commons-codec-1.11.jar;C:\Users\ahmed\.m2\repository\org\apache\httpcomponents\httpmime\4.5.13\httpmime-4.5.13.jar;C:\Users\ahmed\.m2\repository\org\hamcrest\hamcrest\2.1\hamcrest-2.1.jar;C:\Users\ahmed\.m2\repository\org\ccil\cowan\tagsoup\tagsoup\1.2.1\tagsoup-1.2.1.jar;C:\Users\ahmed\.m2\repository\io\rest-assured\json-path\4.5.0\json-path-4.5.0.jar;C:\Users\ahmed\.m2\repository\org\codehaus\groovy\groovy-json\3.0.9\groovy-json-3.0.9.jar;C:\Users\ahmed\.m2\repository\io\rest-assured\rest-assured-common\4.5.0\rest-assured-common-4.5.0.jar;C:\Users\ahmed\.m2\repository\io\rest-assured\xml-path\4.5.0\xml-path-4.5.0.jar;C:\Users\ahmed\.m2\repository\org\apache\commons\commons-lang3\3.11\commons-lang3-3.11.jar;C:\Users\ahmed\.m2\repository\org\testng\testng\7.4.0\testng-7.4.0.jar;C:\Users\ahmed\.m2\repository\com\beust\jcommander\1.78\jcommander-1.78.jar;C:\Users\ahmed\.m2\repository\org\webjars\jquery\3.5.1\jquery-3.5.1.jar;C:\Users\ahmed\.m2\repository\org\assertj\assertj-core\3.22.0\assertj-core-3.22.0.jar;C:\Users\ahmed\.m2\repository\org\projectlombok\lombok\1.18.20\lombok-1.18.20.jar;C:\Users\ahmed\.m2\repository\io\rest-assured\json-schema-validator\4.5.0\json-schema-validator-4.5.0.jar;C:\Users\ahmed\.m2\repository\com\github\java-json-tools\json-schema-validator\2.2.14\json-schema-validator-2.2.14.jar;C:\Users\ahmed\.m2\repository\com\google\guava\guava\28.2-android\guava-28.2-android.jar;C:\Users\ahmed\.m2\repository\com\google\guava\failureaccess\1.0.1\failureaccess-1.0.1.jar;C:\Users\ahmed\.m2\repository\com\google\guava\listenablefuture\9999.0-empty-to-avoid-conflict-with-guava\listenablefuture-9999.0-empty-to-avoid-conflict-with-guava.jar;C:\Users\ahmed\.m2\repository\org\checkerframework\checker-compat-qual\2.5.5\checker-compat-qual-2.5.5.jar;C:\Users\ahmed\.m2\repository\com\google\errorprone\error_prone_annotations\2.3.4\error_prone_annotations-2.3.4.jar;C:\Users\ahmed\.m2\repository\com\google\j2objc\j2objc-annotations\1.3\j2objc-annotations-1.3.jar;C:\Users\ahmed\.m2\repository\com\github\java-json-tools\jackson-coreutils-equivalence\1.0\jackson-coreutils-equivalence-1.0.jar;C:\Users\ahmed\.m2\repository\com\fasterxml\jackson\core\jackson-databind\2.11.0\jackson-databind-2.11.0.jar;C:\Users\ahmed\.m2\repository\com\fasterxml\jackson\core\jackson-annotations\2.11.0\jackson-annotations-2.11.0.jar;C:\Users\ahmed\.m2\repository\com\fasterxml\jackson\core\jackson-core\2.11.0\jackson-core-2.11.0.jar;C:\Users\ahmed\.m2\repository\com\github\java-json-tools\jackson-coreutils\2.0\jackson-coreutils-2.0.jar;C:\Users\ahmed\.m2\repository\com\github\java-json-tools\msg-simple\1.2\msg-simple-1.2.jar;C:\Users\ahmed\.m2\repository\com\github\java-json-tools\btf\1.3\btf-1.3.jar;C:\Users\ahmed\.m2\repository\com\github\java-json-tools\json-schema-core\1.2.14\json-schema-core-1.2.14.jar;C:\Users\ahmed\.m2\repository\com\github\java-json-tools\uri-template\0.10\uri-template-0.10.jar;C:\Users\ahmed\.m2\repository\org\mozilla\rhino\1.7.7.2\rhino-1.7.7.2.jar;C:\Users\ahmed\.m2\repository\com\sun\mail\mailapi\1.6.2\mailapi-1.6.2.jar;C:\Users\ahmed\.m2\repository\joda-time\joda-time\2.10.5\joda-time-2.10.5.jar;C:\Users\ahmed\.m2\repository\com\googlecode\libphonenumber\libphonenumber\8.11.1\libphonenumber-8.11.1.jar;C:\Users\ahmed\.m2\repository\com\google\code\findbugs\jsr305\3.0.2\jsr305-3.0.2.jar;C:\Users\ahmed\.m2\repository\net\sf\jopt-simple\jopt-simple\5.0.4\jopt-simple-5.0.4.jar;C:\Users\ahmed\.m2\repository\com\aventstack\extentreports\5.0.5\extentreports-5.0.5.jar;C:\Users\ahmed\.m2\repository\io\reactivex\rxjava3\rxjava\3.0.4\rxjava-3.0.4.jar;C:\Users\ahmed\.m2\repository\org\reactivestreams\reactive-streams\1.0.3\reactive-streams-1.0.3.jar;C:\Users\ahmed\.m2\repository\org\freemarker\freemarker\2.3.30\freemarker-2.3.30.jar;C:\Users\ahmed\.m2\repository\com\google\code\gson\gson\2.8.6\gson-2.8.6.jar;"/>
    <property name="sun.cpu.endian" value="little"/>
    <property name="user.home" value="C:\Users\ahmed"/>
    <property name="user.language" value="en"/>
    <property name="java.specification.vendor" value="Oracle Corporation"/>
    <property name="java.version.date" value="2022-01-18"/>
    <property name="java.home" value="C:\Program Files\Java\jdk-17.0.2"/>
    <property name="file.separator" value="\"/>
    <property name="basedir" value="F:\Rest_Assured_API_Automation\RestAssuredAssignment"/>
    <property name="java.vm.compressedOopsMode" value="32-bit"/>
    <property name="line.separator" value="&#10;"/>
    <property name="java.vm.specification.vendor" value="Oracle Corporation"/>
    <property name="java.specification.name" value="Java Platform API Specification"/>
    <property name="surefire.real.class.path" value="C:\Users\ahmed\AppData\Local\Temp\surefire546834548996131934\surefirebooter9660180752286449682.jar"/>
    <property name="user.script" value=""/>
    <property name="sun.management.compiler" value="HotSpot 64-Bit Tiered Compilers"/>
    <property name="java.runtime.version" value="17.0.2+8-LTS-86"/>
    <property name="user.name" value="ahmed"/>
    <property name="path.separator" value=";"/>
    <property name="os.version" value="10.0"/>
    <property name="java.runtime.name" value="Java(TM) SE Runtime Environment"/>
    <property name="file.encoding" value="Cp1252"/>
    <property name="java.vm.name" value="Java HotSpot(TM) 64-Bit Server VM"/>
    <property name="localRepository" value="C:\Users\ahmed\.m2\repository"/>
    <property name="java.vendor.url.bug" value="https://bugreport.java.com/bugreport/"/>
    <property name="java.io.tmpdir" value="C:\Users\ahmed\AppData\Local\Temp\"/>
    <property name="java.version" value="17.0.2"/>
    <property name="user.dir" value="F:\Rest_Assured_API_Automation\RestAssuredAssignment"/>
    <property name="os.arch" value="amd64"/>
    <property name="java.vm.specification.name" value="Java Virtual Machine Specification"/>
    <property name="sun.os.patch.level" value=""/>
    <property name="native.encoding" value="Cp1252"/>
    <property name="java.library.path" value="C:\Program Files\Java\jdk-17.0.2\bin;C:\Windows\Sun\Java\bin;C:\Windows\system32;C:\Windows;C:\Program Files\Common Files\Oracle\Java\javapath;C:\Program Files (x86)\Common Files\Oracle\Java\javapath;C:\Windows\system32;C:\Windows;C:\Windows\System32\Wbem;C:\Windows\System32\WindowsPowerShell\v1.0\;C:\Windows\System32\OpenSSH\;C:\Program Files (x86)\Sennheiser\SenncomSDK\;C:\Program Files\Java\jdk-17.0.2\bin;C:\apache-maven-3.8.4-bin\apache-maven-3.8.4\bin;C:\Users\ahmed\AppData\Local\Microsoft\WindowsApps;;."/>
    <property name="java.vm.info" value="mixed mode, sharing"/>
    <property name="java.vendor" value="Oracle Corporation"/>
    <property name="java.vm.version" value="17.0.2+8-LTS-86"/>
    <property name="sun.io.unicode.encoding" value="UnicodeLittle"/>
    <property name="java.class.version" value="61.0"/>
  </properties>
  <testcase name="testOTTResponse[webB2BGDMSTGExy0sVDlZMzNDdUyZ](1)" classname="com.tests.IntigralOTTTests" time="7.457">
    <system-out><![CDATA[Request method:	GET
Request URI:	https://api.intigral-ott.net/popcorn-api-rs-7.9.17/v1/promotions?apikey=webB2BGDMSTGExy0sVDlZMzNDdUyZ
Proxy:			<none>
Request params:	<none>
Query params:	apikey=webB2BGDMSTGExy0sVDlZMzNDdUyZ
Form params:	<none>
Path params:	<none>
Headers:		Accept=*/*
				Content-Type=application/json
Cookies:		<none>
Multiparts:		<none>
Body:			<none>
{
    "promotions": [
        {
            "promotionId": "sabe movie for b2b",
            "orderId": 32,
            "promoArea": [
                "home:main"
            ],
            "promoType": "VOD",
            "showPrice": false,
            "showText": false,
            "localizedTexts": {
                "ar": [
                    "Sabe movie",
                    " ",
                    " "
                ],
                "en": [
                    "Sabe movie",
                    " ",
                    " "
                ]
            },
            "properties": [
                {
                    "year": "2019",
                    "programType": "movie",
                    "currency": "SAR",
                    "programAvailabilityId": "http://data.entertainment.tv.theplatform.eu/entertainment/data/ProgramAvailability/192005160233",
                    "rating": {
                        "scheme": "urn:www.citc.gov.sa",
                        "rating": "15"
                    },
                    "categories": [
                        "GADM",
                        "Movies"
                    ],
                    "genre": [
                        "Comedy"
                    ],
                    "programDescription": {
                        "ar": "فيلم كوميدي اجتماعي. يعقد عمر ونسمة قرانهما رغم استنكار عائلتيهما، لكن تقع المأساة حين يهاجم مسلحون العروسَين. هل يمكن للزوجين الخروج سالِمَين من الصدمة؟ أم أن ارتباطهما محكوم عليه بالخيبة والفشل؟",
                        "en": "Comedy. Despite the disapproval of their families, Omar and Nesma tie the knot but tragedy strikes when armed assailants attack the newlyweds. Can the couple emerge unscathed from the trauma or is their union doomed?"
                    },
                    "duration": "5382"
                }
            ],
            "images": [
                {
                    "id": "280x392",
                    "url": "https://s3-eu-west-1.amazonaws.com/image.wt/Promotions/main/main_1618394942.jpeg",
                    "width": 280,
                    "height": 392
                },
                {
                    "id": "1024x392",
                    "url": "https://s3-eu-west-1.amazonaws.com/image.wt/Promotions/tablet/tablet_1618394942.jpeg",
                    "width": 1024,
                    "height": 392
                },
                {
                    "id": "640x487",
                    "url": "https://s3-eu-west-1.amazonaws.com/image.wt/Promotions/mobile/mobile_1618394942.jpeg",
                    "width": 640,
                    "height": 487
                },
                {
                    "id": "1920x1080",
                    "url": "https://s3-eu-west-1.amazonaws.com/image.wt/Promotions/weblandscape/weblandscape_1618394942.jpeg",
                    "width": 1920,
                    "height": 1080
                },
                {
                    "id": "396x586",
                    "url": "https://s3-eu-west-1.amazonaws.com/image.wt/Promotions/webportrait/webportrait_1618394942.jpeg",
                    "width": 396,
                    "height": 586
                },
                {
                    "id": "1920x1080",
                    "url": "https://s3-eu-west-1.amazonaws.com/image.wt/Promotions/webcp_en/webcp_en_1618394942.jpeg",
                    "width": 1920,
                    "height": 1080
                },
                {
                    "id": "1920x1080",
                    "url": "https://s3-eu-west-1.amazonaws.com/image.wt/Promotions/webcp_ar/webcp_ar_1618394942.jpeg",
                    "width": 1920,
                    "height": 1080
                },
                {
                    "id": "1272x440",
                    "url": "https://s3-eu-west-1.amazonaws.com/image.wt/Promotions/webcp_logo_en/webcp_logo_en_1618394942.png",
                    "width": 1272,
                    "height": 440
                },
                {
                    "id": "1272x440",
                    "url": "https://s3-eu-west-1.amazonaws.com/image.wt/Promotions/webcp_logo_ar/webcp_logo_ar_1618394943.png",
                    "width": 1272,
                    "height": 440
                }
            ]
        },
        {
            "promotionId": "Bharti Rewind b2b",
            "orderId": 50,
            "promoArea": [
                "home:main"
            ],
            "promoType": "REWIND",
            "showPrice": true,
            "showText": true,
            "localizedTexts": {
                "ar": [
                    "Bharti Rewind b2b2c",
                    " "
                ],
                "en": [
                    "Bharti Rewind b2b2c",
                    " "
                ]
            },
            "properties": [
                {
                    "channelId": "http://data.entertainment.tv.theplatform.eu/entertainment/data/Channel/97776168178",
                    "stationId": "http://data.entertainment.tv.theplatform.eu/entertainment/data/Station/97775656356",
                    "price": "Free",
                    "currency": "USD",
                    "programAvailabilityId": "http://data.entertainment.tv.theplatform.eu/entertainment/data/ProgramAvailability/103781928279",
                    "rating": {
                        "scheme": "urn:www.citc.gov.sa",
                        "rating": "family"
                    },
                    "startTime": 1643014140000,
                    "endTime": 1643015640000,
                    "listingId": "http://data.entertainment.tv.theplatform.eu/entertainment/data/Listing/257112103956",
                    "channelNumber": 171,
                    "channelTitle": "La3ab Wa Jad",
                    "programTitle": {
                        "ar": "ماركو بولو",
                        "en": "The Travels of the Young Marco Polo"
                    },
                    "type": "LINEAR"
                }
            ],
            "images": [
                {
                    "id": "280x392",
                    "url": "https://s3-eu-west-1.amazonaws.com/image.wt/Promotions/main/main_1626078725.jpeg",
                    "width": 280,
                    "height": 392
                },
                {
                    "id": "1024x392",
                    "url": "https://s3-eu-west-1.amazonaws.com/image.wt/Promotions/tablet/tablet_1626078725.jpeg",
                    "width": 1024,
                    "height": 392
                },
                {
                    "id": "640x487",
                    "url": "https://s3-eu-west-1.amazonaws.com/image.wt/Promotions/mobile/mobile_1626078725.jpeg",
                    "width": 640,
                    "height": 487
                },
                {
                    "id": "1920x1080",
                    "url": "https://s3-eu-west-1.amazonaws.com/image.wt/Promotions/weblandscape/weblandscape_1626078725.jpeg",
                    "width": 1920,
                    "height": 1080
                },
                {
                    "id": "396x586",
                    "url": "https://s3-eu-west-1.amazonaws.com/image.wt/Promotions/webportrait/webportrait_1626078725.jpeg",
                    "width": 396,
                    "height": 586
                },
                {
                    "id": "1920x1080",
                    "url": "https://s3-eu-west-1.amazonaws.com/image.wt/Promotions/webcp_en/webcp_en_1626078725.jpeg",
                    "width": 1920,
                    "height": 1080
                },
                {
                    "id": "1920x1080",
                    "url": "https://s3-eu-west-1.amazonaws.com/image.wt/Promotions/webcp_ar/webcp_ar_1626078725.jpeg",
                    "width": 1920,
                    "height": 1080
                },
                {
                    "id": "396x586",
                    "url": "https://s3-eu-west-1.amazonaws.com/image.wt/Promotions/webcp_logo_en/webcp_logo_en_1626078725.jpeg",
                    "width": 396,
                    "height": 586
                },
                {
                    "id": "396x586",
                    "url": "https://s3-eu-west-1.amazonaws.com/image.wt/Promotions/webcp_logo_ar/webcp_logo_ar_1626078725.jpeg",
                    "width": 396,
                    "height": 586
                }
            ]
        },
        {
            "promotionId": "Bharti subscription b2b",
            "orderId": 52,
            "promoArea": [
                "home:main"
            ],
            "promoType": "SUBSCRIPTION",
            "showPrice": true,
            "showText": true,
            "localizedTexts": {
                "ar": [
                    "Bharti subscription b2b2c",
                    " "
                ],
                "en": [
                    "Bharti subscription b2b2c",
                    " "
                ]
            },
            "properties": [
                {
                    "price": "28.00",
                    "currency": "SAR",
                    "subscriptionGuid": "BASE_SUBSCRIPTION"
                }
            ],
            "images": [
                {
                    "id": "280x392",
                    "url": "https://s3-eu-west-1.amazonaws.com/image.wt/Promotions/main/main_1626078795.jpeg",
                    "width": 280,
                    "height": 392
                },
                {
                    "id": "1024x392",
                    "url": "https://s3-eu-west-1.amazonaws.com/image.wt/Promotions/tablet/tablet_1626078795.jpeg",
                    "width": 1024,
                    "height": 392
                },
                {
                    "id": "640x487",
                    "url": "https://s3-eu-west-1.amazonaws.com/image.wt/Promotions/mobile/mobile_1626078795.jpeg",
                    "width": 640,
                    "height": 487
                },
                {
                    "id": "1920x1080",
                    "url": "https://s3-eu-west-1.amazonaws.com/image.wt/Promotions/weblandscape/weblandscape_1626078795.jpeg",
                    "width": 1920,
                    "height": 1080
                },
                {
                    "id": "396x586",
                    "url": "https://s3-eu-west-1.amazonaws.com/image.wt/Promotions/webportrait/webportrait_1626078795.jpeg",
                    "width": 396,
                    "height": 586
                },
                {
                    "id": "1920x1080",
                    "url": "https://s3-eu-west-1.amazonaws.com/image.wt/Promotions/webcp_en/webcp_en_1626078795.jpeg",
                    "width": 1920,
                    "height": 1080
                },
                {
                    "id": "1920x1080",
                    "url": "https://s3-eu-west-1.amazonaws.com/image.wt/Promotions/webcp_ar/webcp_ar_1626078795.jpeg",
                    "width": 1920,
                    "height": 1080
                },
                {
                    "id": "396x586",
                    "url": "https://s3-eu-west-1.amazonaws.com/image.wt/Promotions/webcp_logo_en/webcp_logo_en_1626078795.jpeg",
                    "width": 396,
                    "height": 586
                },
                {
                    "id": "396x586",
                    "url": "https://s3-eu-west-1.amazonaws.com/image.wt/Promotions/webcp_logo_ar/webcp_logo_ar_1626078795.jpeg",
                    "width": 396,
                    "height": 586
                }
            ]
        },
        {
            "promotionId": "Bharti channel b2b",
            "orderId": 53,
            "promoArea": [
                "home:main"
            ],
            "promoType": "CHANNEL",
            "showPrice": true,
            "showText": true,
            "localizedTexts": {
                "ar": [
                    "Bharti Arabic b2b",
                    " ",
                    " "
                ],
                "en": [
                    "Bharti Arabic b2b2c",
                    " "
                ]
            },
            "properties": [
                {
                    "channelId": "http://data.entertainment.tv.theplatform.eu/entertainment/data/Channel/132941864273",
                    "guid": "JAW1_KSA",
                    "updated": 1632895945000,
                    "title": "Jawwy TV Live",
                    "channelNumber": 1,
                    "locationId": "http://data.entertainment.tv.theplatform.eu/entertainment/data/Location/61157928362",
                    "categories": [
                        "Entertainment"
                    ],
                    "subscriptionGuids": [
                        "BASE_SUBSCRIPTION",
                        "BASE_PLUS_SUBSCRIPTION"
                    ]
                }
            ],
            "images": [
                {
                    "id": "280x392",
                    "url": "https://s3-eu-west-1.amazonaws.com/image.wt/Promotions/main/main_1626084994.jpeg",
                    "width": 280,
                    "height": 392
                },
                {
                    "id": "1024x392",
                    "url": "https://s3-eu-west-1.amazonaws.com/image.wt/Promotions/tablet/tablet_1626084994.jpeg",
                    "width": 1024,
                    "height": 392
                },
                {
                    "id": "640x487",
                    "url": "https://s3-eu-west-1.amazonaws.com/image.wt/Promotions/mobile/mobile_1626084994.jpeg",
                    "width": 640,
                    "height": 487
                },
                {
                    "id": "1920x1080",
                    "url": "https://s3-eu-west-1.amazonaws.com/image.wt/Promotions/weblandscape/weblandscape_1626084994.jpeg",
                    "width": 1920,
                    "height": 1080
                },
                {
                    "id": "396x586",
                    "url": "https://s3-eu-west-1.amazonaws.com/image.wt/Promotions/webportrait/webportrait_1626084994.jpeg",
                    "width": 396,
                    "height": 586
                },
                {
                    "id": "1920x1080",
                    "url": "https://s3-eu-west-1.amazonaws.com/image.wt/Promotions/webcp_en/webcp_en_1626084994.jpeg",
                    "width": 1920,
                    "height": 1080
                },
                {
                    "id": "1920x1080",
                    "url": "https://s3-eu-west-1.amazonaws.com/image.wt/Promotions/webcp_ar/webcp_ar_1626084994.jpeg",
                    "width": 1920,
                    "height": 1080
                },
                {
                    "id": "396x586",
                    "url": "https://s3-eu-west-1.amazonaws.com/image.wt/Promotions/webcp_logo_en/webcp_logo_en_1626084994.jpeg",
                    "width": 396,
                    "height": 586
                },
                {
                    "id": "396x586",
                    "url": "https://s3-eu-west-1.amazonaws.com/image.wt/Promotions/webcp_logo_ar/webcp_logo_ar_1626084994.jpeg",
                    "width": 396,
                    "height": 586
                }
            ]
        },
        {
            "promotionId": "Bharti Episode b2b2c",
            "orderId": 54,
            "promoArea": [
                "home:main"
            ],
            "promoType": "EPISODE",
            "showPrice": true,
            "showText": true,
            "localizedTexts": {
                "ar": [
                    "Bharti Episode b2b2c",
                    " "
                ],
                "en": [
                    "Bharti Episode b2b2c",
                    " "
                ]
            },
            "properties": [
                {
                    "year": "2007",
                    "programType": "episode",
                    "currency": "SAR",
                    "programAvailabilityId": "http://data.entertainment.tv.theplatform.eu/entertainment/data/ProgramAvailability/215535143960",
                    "rating": {
                        "scheme": "urn:www.citc.gov.sa",
                        "rating": "18"
                    },
                    "categories": [
                        "Arabic",
                        "GADM",
                        "Series"
                    ],
                    "seriesId": "http://data.entertainment.tv.theplatform.eu/entertainment/data/Program/guid/2702652773/079_INT-INTIGRAL-SERIES-S0009594",
                    "seasonNumber": 1,
                    "seriesPaId": "http://data.entertainment.tv.theplatform.eu/entertainment/data/ProgramAvailability/215440424268",
                    "genre": [
                        "Drama"
                    ],
                    "programDescription": {
                        "ar": "من بطولة صلاح السعدني وبوسي وعبد الرحمن أبو زهرة وكوكبة من نجوم الدراما المصرية، يلقي هذا المسلسل الجريء نظرة ثاقبة على حرب الأيام الستة عام 1967 التي غيرت المشهد السياسي في الشرق الأوسط.",
                        "en": "Starring Salah E-Saadani, Busi and Abdel Rahman Abou Zahra, this gritty drama series takes an unflinching look at the 1967 Six-Day War that transformed the political landscape of the Middle East."
                    },
                    "duration": "2881",
                    "episodeNumber": 28,
                    "seriesGuid": "079_INT-INTIGRAL-SERIES-S0009594"
                }
            ],
            "images": [
                {
                    "id": "280x392",
                    "url": "https://s3-eu-west-1.amazonaws.com/image.wt/Promotions/main/main_1626085396.jpeg",
                    "width": 280,
                    "height": 392
                },
                {
                    "id": "1024x392",
                    "url": "https://s3-eu-west-1.amazonaws.com/image.wt/Promotions/tablet/tablet_1626085396.jpeg",
                    "width": 1024,
                    "height": 392
                },
                {
                    "id": "640x487",
                    "url": "https://s3-eu-west-1.amazonaws.com/image.wt/Promotions/mobile/mobile_1626085396.jpeg",
                    "width": 640,
                    "height": 487
                },
                {
                    "id": "1920x1080",
                    "url": "https://s3-eu-west-1.amazonaws.com/image.wt/Promotions/weblandscape/weblandscape_1626085396.jpeg",
                    "width": 1920,
                    "height": 1080
                },
                {
                    "id": "396x586",
                    "url": "https://s3-eu-west-1.amazonaws.com/image.wt/Promotions/webportrait/webportrait_1626085396.jpeg",
                    "width": 396,
                    "height": 586
                },
                {
                    "id": "1920x1080",
                    "url": "https://s3-eu-west-1.amazonaws.com/image.wt/Promotions/webcp_en/webcp_en_1626085396.jpeg",
                    "width": 1920,
                    "height": 1080
                },
                {
                    "id": "1920x1080",
                    "url": "https://s3-eu-west-1.amazonaws.com/image.wt/Promotions/webcp_ar/webcp_ar_1626085396.jpeg",
                    "width": 1920,
                    "height": 1080
                },
                {
                    "id": "396x586",
                    "url": "https://s3-eu-west-1.amazonaws.com/image.wt/Promotions/webcp_logo_en/webcp_logo_en_1626085396.jpeg",
                    "width": 396,
                    "height": 586
                },
                {
                    "id": "396x586",
                    "url": "https://s3-eu-west-1.amazonaws.com/image.wt/Promotions/webcp_logo_ar/webcp_logo_ar_1626085397.jpeg",
                    "width": 396,
                    "height": 586
                }
            ]
        },
        {
            "promotionId": "Bharti season b2b",
            "orderId": 55,
            "promoArea": [
                "home:main"
            ],
            "promoType": "SEASON",
            "showPrice": true,
            "showText": true,
            "localizedTexts": {
                "ar": [
                    "Bharti season b2b",
                    " ",
                    " "
                ],
                "en": [
                    "Bharti season b2b",
                    " ",
                    " "
                ]
            },
            "properties": [
                {
                    "rating": {
                        "scheme": "urn:www.citc.gov.sa",
                        "rating": "Family"
                    },
                    "guid": "048_INT-INTIGRAL-SEASON-S0008770004",
                    "updated": 1626081083000,
                    "title": "Karameesh Kids Songs, S04",
                    "seasonId": "http://data.entertainment.tv.theplatform.eu/entertainment/data/TvSeason/215440424274",
                    "seriesId": "http://data.entertainment.tv.theplatform.eu/entertainment/data/Program/guid/2702652773/048_INT-INTIGRAL-SERIES-S0008770",
                    "seasonNumber": 4,
                    "seriesPaId": "http://data.entertainment.tv.theplatform.eu/entertainment/data/ProgramAvailability/141522984065",
                    "noOfEpisodes": 13,
                    "seriesGuid": "048_INT-INTIGRAL-SERIES-S0008770",
                    "firstEpisodeId": "http://data.entertainment.tv.theplatform.eu/entertainment/data/ProgramAvailability/215531560417"
                }
            ],
            "images": [
                {
                    "id": "280x392",
                    "url": "https://s3-eu-west-1.amazonaws.com/image.wt/Promotions/main/main_1626101030.jpeg",
                    "width": 280,
                    "height": 392
                },
                {
                    "id": "1024x392",
                    "url": "https://s3-eu-west-1.amazonaws.com/image.wt/Promotions/tablet/tablet_1626101030.jpeg",
                    "width": 1024,
                    "height": 392
                },
                {
                    "id": "640x487",
                    "url": "https://s3-eu-west-1.amazonaws.com/image.wt/Promotions/mobile/mobile_1626101030.jpeg",
                    "width": 640,
                    "height": 487
                },
                {
                    "id": "1920x1080",
                    "url": "https://s3-eu-west-1.amazonaws.com/image.wt/Promotions/weblandscape/weblandscape_1626101030.jpeg",
                    "width": 1920,
                    "height": 1080
                },
                {
                    "id": "396x586",
                    "url": "https://s3-eu-west-1.amazonaws.com/image.wt/Promotions/webportrait/webportrait_1626101030.jpeg",
                    "width": 396,
                    "height": 586
                },
                {
                    "id": "1920x1080",
                    "url": "https://s3-eu-west-1.amazonaws.com/image.wt/Promotions/webcp_en/webcp_en_1626101030.jpeg",
                    "width": 1920,
                    "height": 1080
                },
                {
                    "id": "1920x1080",
                    "url": "https://s3-eu-west-1.amazonaws.com/image.wt/Promotions/webcp_ar/webcp_ar_1626101030.jpeg",
                    "width": 1920,
                    "height": 1080
                },
                {
                    "id": "396x586",
                    "url": "https://s3-eu-west-1.amazonaws.com/image.wt/Promotions/webcp_logo_en/webcp_logo_en_1626101030.jpeg",
                    "width": 396,
                    "height": 586
                },
                {
                    "id": "396x586",
                    "url": "https://s3-eu-west-1.amazonaws.com/image.wt/Promotions/webcp_logo_ar/webcp_logo_ar_1626101030.jpeg",
                    "width": 396,
                    "height": 586
                }
            ]
        }
    ]
}
]]></system-out>
  </testcase>
  <testcase name="validateErrorOnInvalidToken[webB2BGDMSTGExy0sVDlZMzNDdUyZ1234](1)" classname="com.tests.IntigralOTTTests" time="0.878">
    <system-out><![CDATA[Request method:	GET
Request URI:	https://api.intigral-ott.net/popcorn-api-rs-7.9.17/v1/promotions?apikey=webB2BGDMSTGExy0sVDlZMzNDdUyZ1234
Proxy:			<none>
Request params:	<none>
Query params:	apikey=webB2BGDMSTGExy0sVDlZMzNDdUyZ1234
Form params:	<none>
Path params:	<none>
Headers:		Accept=*/*
				Content-Type=application/json
Cookies:		<none>
Multiparts:		<none>
Body:			<none>
{
    "error": {
        "message": "invalid api key",
        "code": "8001",
        "requestId": "73e9095a-9ac5-4355-8b88-43560dad270e"
    }
}
]]></system-out>
  </testcase>
</testsuite>