<?xml version="1.0" encoding="UTF-8"?>
<!-- Generated by org.testng.reporters.JUnitReportReporter -->
<testsuite hostname="UPSCRATCH" failures="0" tests="2" name="com.tests.IntigralOTTTests" time="8.324" errors="0" timestamp="2022-01-25T00:14:49 IST" skipped="0">
  <testcase classname="com.tests.IntigralOTTTests" name="validateErrorOnInvalidToken" time="0.975"/>
  <system-out/>
  <testcase classname="com.tests.IntigralOTTTests" name="testOTTResponse" time="7.349"/>
  <system-out/>
</testsuite> <!-- com.tests.IntigralOTTTests -->
